#
# There is insufficient memory for the Java Runtime Environment to continue.
# Native memory allocation (mmap) failed to map 134217728 bytes for Failed to commit area from 0x0000000081c00000 to 0x0000000089c00000 of length 134217728.
# Possible reasons:
#   The system is out of physical RAM or swap space
#   The process is running with CompressedOops enabled, and the Java Heap may be blocking the growth of the native heap
# Possible solutions:
#   Reduce memory load on the system
#   Increase physical memory or swap space
#   Check if swap backing store is full
#   Decrease Java heap size (-Xmx/-Xms)
#   Decrease number of Java threads
#   Decrease Java thread stack sizes (-Xss)
#   Set larger code cache with -XX:ReservedCodeCacheSize=
# This output file may be truncated or incomplete.
#
#  Out of Memory Error (./src/hotspot/os/windows/os_windows.cpp:3387), pid=14368, tid=3968
#
# JRE version:  (11.0.14.1+1) (build )
# Java VM: OpenJDK 64-Bit Server VM (11.0.14.1+1, mixed mode, sharing, tiered, compressed oops, g1 gc, windows-amd64)
# No core dump will be written. Minidumps are not enabled by default on client versions of Windows
#

---------------  S U M M A R Y ------------

Command Line: -Dfile.encoding=UTF-8 

Host: Intel(R) Core(TM) i5-8250U CPU @ 1.60GHz, 8 cores, 7G,  Windows 11 , 64 bit Build 22621 (10.0.22621.2428)
Time: Fri Oct 20 14:07:17 2023 SE Asia Standard Time elapsed time: 0.040215 seconds (0d 0h 0m 0s)

---------------  T H R E A D  ---------------

Current thread (0x00000284d9be6000):  JavaThread "Unknown thread" [_thread_in_vm, id=3968, stack(0x0000009261f00000,0x0000009262000000)]

Stack: [0x0000009261f00000,0x0000009262000000]
Native frames: (J=compiled Java code, j=interpreted, Vv=VM code, C=native code)
V  [jvm.dll+0x61e59a]
V  [jvm.dll+0x7aaca9]
V  [jvm.dll+0x7ac398]
V  [jvm.dll+0x7aca73]
V  [jvm.dll+0x24f9b8]
V  [jvm.dll+0x61b83a]
V  [jvm.dll+0x6100c5]
V  [jvm.dll+0x30772c]
V  [jvm.dll+0x3075b2]
V  [jvm.dll+0x30c2d6]
V  [jvm.dll+0x35272f]
V  [jvm.dll+0x352160]
V  [jvm.dll+0x2e4728]
V  [jvm.dll+0x2e5886]
V  [jvm.dll+0x784b07]
V  [jvm.dll+0x78628f]
V  [jvm.dll+0x35f479]
V  [jvm.dll+0x767aa0]
V  [jvm.dll+0x3ccf1f]
V  [jvm.dll+0x3cf2b1]
C  [jli.dll+0x5207]
C  [ucrtbase.dll+0x29363]
C  [KERNEL32.DLL+0x1257d]
C  [ntdll.dll+0x5aa78]


---------------  P R O C E S S  ---------------

Threads class SMR info:
_java_thread_list=0x00000284d7994c60, length=0, elements={
}

Java Threads: ( => current thread )

Other Threads:
  0x00000284d9bfd800 GCTaskThread "GC Thread#0" [stack: 0x0000009262000000,0x0000009262100000] [id=13304]
  0x00000284d9c30800 ConcurrentGCThread "G1 Main Marker" [stack: 0x0000009262100000,0x0000009262200000] [id=9532]
  0x00000284d9c32000 ConcurrentGCThread "G1 Conc#0" [stack: 0x0000009262200000,0x0000009262300000] [id=20840]

[error occurred during error reporting (printing all threads), id 0xc0000005, EXCEPTION_ACCESS_VIOLATION (0xc0000005) at pc=0x00007ff87e553ef7]

VM state:not at safepoint (not fully initialized)

VM Mutex/Monitor currently owned by a thread:  ([mutex/lock_event])
[0x00000284d9be2530] Heap_lock - owner thread: 0x00000284d9be6000

Heap address: 0x0000000081c00000, size: 2020 MB, Compressed Oops mode: Non-zero based: 0x0000000081c00000
Narrow klass base: 0x0000000000000000, Narrow klass shift: 0

GC Heap History (0 events):
No events

Deoptimization events (0 events):
No events

Classes redefined (0 events):
No events

Internal exceptions (0 events):
No events

Events (1 events):
Event: 0.007 Loaded shared library D:\Unity\Hub\Editor\2022.3.4f1\Editor\Data\PlaybackEngines\AndroidPlayer\OpenJDK\bin\zip.dll


Dynamic libraries:
0x00007ff7a5e50000 - 0x00007ff7a5e5d000 	D:\Unity\Hub\Editor\2022.3.4f1\Editor\Data\PlaybackEngines\AndroidPlayer\OpenJDK\bin\java.exe
0x00007ff9590d0000 - 0x00007ff9592e7000 	C:\WINDOWS\SYSTEM32\ntdll.dll
0x00007ff957430000 - 0x00007ff9574f4000 	C:\WINDOWS\System32\KERNEL32.DLL
0x00007ff956a80000 - 0x00007ff956e26000 	C:\WINDOWS\System32\KERNELBASE.dll
0x00007ff9564f0000 - 0x00007ff956601000 	C:\WINDOWS\System32\ucrtbase.dll
0x00007ff94b810000 - 0x00007ff94b827000 	D:\Unity\Hub\Editor\2022.3.4f1\Editor\Data\PlaybackEngines\AndroidPlayer\OpenJDK\bin\jli.dll
0x00007ff94cae0000 - 0x00007ff94caf5000 	D:\Unity\Hub\Editor\2022.3.4f1\Editor\Data\PlaybackEngines\AndroidPlayer\OpenJDK\bin\VCRUNTIME140.dll
0x00007ff957750000 - 0x00007ff9578fd000 	C:\WINDOWS\System32\USER32.dll
0x00007ff956730000 - 0x00007ff956756000 	C:\WINDOWS\System32\win32u.dll
0x00007ff941450000 - 0x00007ff9416e3000 	C:\WINDOWS\WinSxS\amd64_microsoft.windows.common-controls_6595b64144ccf1df_6.0.22621.2361_none_2712ced57382f843\COMCTL32.dll
0x00007ff958f50000 - 0x00007ff958f79000 	C:\WINDOWS\System32\GDI32.dll
0x00007ff957380000 - 0x00007ff957427000 	C:\WINDOWS\System32\msvcrt.dll
0x00007ff956610000 - 0x00007ff956728000 	C:\WINDOWS\System32\gdi32full.dll
0x00007ff956450000 - 0x00007ff9564ea000 	C:\WINDOWS\System32\msvcp_win.dll
0x00007ff958820000 - 0x00007ff958851000 	C:\WINDOWS\System32\IMM32.DLL
0x00007ff920300000 - 0x00007ff92039b000 	D:\Unity\Hub\Editor\2022.3.4f1\Editor\Data\PlaybackEngines\AndroidPlayer\OpenJDK\bin\msvcp140.dll
0x00007ff87e260000 - 0x00007ff87ede1000 	D:\Unity\Hub\Editor\2022.3.4f1\Editor\Data\PlaybackEngines\AndroidPlayer\OpenJDK\bin\server\jvm.dll
0x00007ff958930000 - 0x00007ff9589e0000 	C:\WINDOWS\System32\ADVAPI32.dll
0x00007ff957500000 - 0x00007ff9575a6000 	C:\WINDOWS\System32\sechost.dll
0x00007ff9575b0000 - 0x00007ff9576c7000 	C:\WINDOWS\System32\RPCRT4.dll
0x00007ff9572c0000 - 0x00007ff9572c8000 	C:\WINDOWS\System32\PSAPI.DLL
0x00007ff942db0000 - 0x00007ff942db9000 	C:\WINDOWS\SYSTEM32\WSOCK32.dll
0x00007ff94e700000 - 0x00007ff94e734000 	C:\WINDOWS\SYSTEM32\WINMM.dll
0x00007ff9576d0000 - 0x00007ff957741000 	C:\WINDOWS\System32\WS2_32.dll
0x00007ff94e990000 - 0x00007ff94e99a000 	C:\WINDOWS\SYSTEM32\VERSION.dll
0x00007ff955430000 - 0x00007ff955448000 	C:\WINDOWS\SYSTEM32\kernel.appcore.dll
0x00007ff950a00000 - 0x00007ff950a10000 	D:\Unity\Hub\Editor\2022.3.4f1\Editor\Data\PlaybackEngines\AndroidPlayer\OpenJDK\bin\verify.dll
0x00007ff953f50000 - 0x00007ff95417e000 	C:\WINDOWS\SYSTEM32\DBGHELP.DLL
0x00007ff958ba0000 - 0x00007ff958f2a000 	C:\WINDOWS\System32\combase.dll
0x00007ff9579e0000 - 0x00007ff957ab7000 	C:\WINDOWS\System32\OLEAUT32.dll
0x00007ff93f400000 - 0x00007ff93f432000 	C:\WINDOWS\SYSTEM32\dbgcore.DLL
0x00007ff956940000 - 0x00007ff9569ba000 	C:\WINDOWS\System32\bcryptPrimitives.dll
0x00007ff949d90000 - 0x00007ff949db8000 	D:\Unity\Hub\Editor\2022.3.4f1\Editor\Data\PlaybackEngines\AndroidPlayer\OpenJDK\bin\java.dll
0x00007ff94e980000 - 0x00007ff94e98a000 	D:\Unity\Hub\Editor\2022.3.4f1\Editor\Data\PlaybackEngines\AndroidPlayer\OpenJDK\bin\jimage.dll
0x00007ff9457e0000 - 0x00007ff9457f8000 	D:\Unity\Hub\Editor\2022.3.4f1\Editor\Data\PlaybackEngines\AndroidPlayer\OpenJDK\bin\zip.dll

dbghelp: loaded successfully - version: 4.0.5 - missing functions: none
symbol engine: initialized successfully - sym options: 0x614 - pdb path: .;D:\Unity\Hub\Editor\2022.3.4f1\Editor\Data\PlaybackEngines\AndroidPlayer\OpenJDK\bin;C:\WINDOWS\SYSTEM32;C:\WINDOWS\WinSxS\amd64_microsoft.windows.common-controls_6595b64144ccf1df_6.0.22621.2361_none_2712ced57382f843;D:\Unity\Hub\Editor\2022.3.4f1\Editor\Data\PlaybackEngines\AndroidPlayer\OpenJDK\bin\server

VM Arguments:
jvm_args: -Dfile.encoding=UTF-8 
java_command: <unknown>
java_class_path (initial): <not set>
Launcher Type: SUN_STANDARD

[Global flags]
     intx CICompilerCount                          = 4                                         {product} {ergonomic}
     uint ConcGCThreads                            = 2                                         {product} {ergonomic}
     uint G1ConcRefinementThreads                  = 8                                         {product} {ergonomic}
   size_t G1HeapRegionSize                         = 1048576                                   {product} {ergonomic}
    uintx GCDrainStackTargetSize                   = 64                                        {product} {ergonomic}
   size_t InitialHeapSize                          = 134217728                                 {product} {ergonomic}
   size_t MarkStackSize                            = 4194304                                   {product} {ergonomic}
   size_t MaxHeapSize                              = 2118123520                                {product} {ergonomic}
   size_t MinHeapDeltaBytes                        = 1048576                                   {product} {ergonomic}
    uintx NonNMethodCodeHeapSize                   = 5836300                                {pd product} {ergonomic}
    uintx NonProfiledCodeHeapSize                  = 122910970                              {pd product} {ergonomic}
    uintx ProfiledCodeHeapSize                     = 122910970                              {pd product} {ergonomic}
    uintx ReservedCodeCacheSize                    = 251658240                              {pd product} {ergonomic}
     bool SegmentedCodeCache                       = true                                      {product} {ergonomic}
     bool UseCompressedClassPointers               = true                                 {lp64_product} {ergonomic}
     bool UseCompressedOops                        = true                                 {lp64_product} {ergonomic}
     bool UseG1GC                                  = true                                      {product} {ergonomic}
     bool UseLargePagesIndividualAllocation        = false                                  {pd product} {ergonomic}

Logging:
Log output configuration:
 #0: stdout all=warning uptime,level,tags
 #1: stderr all=off uptime,level,tags

Environment Variables:
JAVA_HOME=D:\Unity\Hub\Editor\2022.3.4f1\Editor\Data\PlaybackEngines\AndroidPlayer\OpenJDK
JAVA_TOOL_OPTIONS=-Dfile.encoding=UTF-8
PATH=C:\Program Files (x86)\Common Files\Oracle\Java\javapath;C:\ProgramData\Oracle\Java\javapath;C:\WINDOWS\system32;C:\WINDOWS;C:\WINDOWS\System32\Wbem;C:\WINDOWS\System32\WindowsPowerShell\v1.0\;C:\WINDOWS\System32\OpenSSH\;D:\Code\Git\Git\cmd;C:\ProgramData\chocolatey\bin;C:\Program Files\Git\cmd;C:\Program Files (x86)\dotnet\;C:\Program Files (x86)\Microsoft SQL Server\160\DTS\Binn\;D:\University\3rd\HK2\LTWD\.NET Reactor;C:\Program Files (x86)\ZeroTier\One\;C:\Users\ADMIN\AppData\Local\Microsoft\WindowsApps;C:\Program Files\Azure Data Studio\bin;D:\University\3rd\HK2\PTPM_Mobile\Android Studio\jbr\bin;C:\Users\ADMIN\.dotnet\tools;C:\Users\ADMIN\AppData\Local\GitHubDesktop\bin
USERNAME=ADMIN
OS=Windows_NT
PROCESSOR_IDENTIFIER=Intel64 Family 6 Model 142 Stepping 10, GenuineIntel



---------------  S Y S T E M  ---------------

OS: Windows 11 , 64 bit Build 22621 (10.0.22621.2428)
OS uptime: 0 days 21:56 hours

CPU:total 8 (initial active 8) (4 cores per cpu, 2 threads per core) family 6 model 142 stepping 10 microcode 0xe0, cmov, cx8, fxsr, mmx, sse, sse2, sse3, ssse3, sse4.1, sse4.2, popcnt, avx, avx2, aes, clmul, erms, 3dnowpref, lzcnt, ht, tsc, tscinvbit, bmi1, bmi2, adx, fma

Memory: 4k page, system-wide physical 8072M (506M free)
TotalPageFile size 14510M (AvailPageFile size 27M)
current process WorkingSet (physical memory assigned to process): 10M, peak: 10M
current process commit charge ("private bytes"): 60M, peak: 188M

vm_info: OpenJDK 64-Bit Server VM (11.0.14.1+1) for windows-amd64 JRE (11.0.14.1+1), built on Feb  9 2022 01:48:27 by "" with unknown MS VC++:1916

END.
